[0.007s] Invoking command in '/home/notthecoolkid/mrtx/mrt_ws/build/aruco_interfaces': CMAKE_PREFIX_PATH=/home/notthecoolkid/mrt_ws/install/week0_tutorials:/home/notthecoolkid/mrt_ws/install/sauron:/opt/ros/humble /usr/bin/cmake --build /home/notthecoolkid/mrtx/mrt_ws/build/aruco_interfaces -- -j20 -l20
[0.027s] -- Found ament_cmake: 1.3.10 (/opt/ros/humble/share/ament_cmake/cmake)
[0.129s] -- Found sensor_msgs: 4.2.4 (/opt/ros/humble/share/sensor_msgs/cmake)
[0.144s] -- Found rosidl_generator_c: 3.1.5 (/opt/ros/humble/share/rosidl_generator_c/cmake)
[0.145s] -- Found rosidl_adapter: 3.1.5 (/opt/ros/humble/share/rosidl_adapter/cmake)
[0.149s] -- Found rosidl_generator_cpp: 3.1.5 (/opt/ros/humble/share/rosidl_generator_cpp/cmake)
[0.155s] -- Using all available rosidl_typesupport_c: rosidl_typesupport_fastrtps_c;rosidl_typesupport_introspection_c
[0.162s] -- Using all available rosidl_typesupport_cpp: rosidl_typesupport_fastrtps_cpp;rosidl_typesupport_introspection_cpp
[0.197s] -- Found rosidl_default_generators: 1.2.0 (/opt/ros/humble/share/rosidl_default_generators/cmake)
[0.394s] -- Found ament_cmake_ros: 0.10.0 (/opt/ros/humble/share/ament_cmake_ros/cmake)
[0.656s] -- Using all available rosidl_typesupport_c: rosidl_typesupport_fastrtps_c;rosidl_typesupport_introspection_c
[0.775s] -- Using all available rosidl_typesupport_cpp: rosidl_typesupport_fastrtps_cpp;rosidl_typesupport_introspection_cpp
[0.806s] -- Found python_cmake_module: 0.10.0 (/opt/ros/humble/share/python_cmake_module/cmake)
[0.836s] -- Using PYTHON_EXECUTABLE: /usr/bin/python3
[0.836s] -- Using PYTHON_INCLUDE_DIRS: /usr/include/python3.10
[0.836s] -- Using PYTHON_LIBRARIES: /usr/lib/x86_64-linux-gnu/libpython3.10.so
[0.847s] -- Found ament_lint_auto: 0.12.11 (/opt/ros/humble/share/ament_lint_auto/cmake)
[0.852s] -- Added test 'lint_cmake' to check CMake code style
[0.852s] -- Added test 'xmllint' to check XML markup files
[0.853s] -- Configuring done
[0.870s] -- Generating done
[0.872s] -- Build files have been written to: /home/notthecoolkid/mrtx/mrt_ws/build/aruco_interfaces
[0.894s] [  2%] [34m[1mGenerating C code for ROS interfaces[0m
[0.905s] [  5%] [34m[1mGenerating C++ code for ROS interfaces[0m
[0.910s] [  5%] Built target ament_cmake_python_copy_aruco_interfaces
[1.057s] running egg_info
[1.057s] writing aruco_interfaces.egg-info/PKG-INFO
[1.057s] writing dependency_links to aruco_interfaces.egg-info/dependency_links.txt
[1.057s] writing top-level names to aruco_interfaces.egg-info/top_level.txt
[1.059s] reading manifest file 'aruco_interfaces.egg-info/SOURCES.txt'
[1.059s] writing manifest file 'aruco_interfaces.egg-info/SOURCES.txt'
[1.079s] [  5%] Built target ament_cmake_python_build_aruco_interfaces_egg
[1.129s] [  5%] Built target aruco_interfaces__cpp
[1.136s] [  7%] [34m[1mGenerating C++ type support dispatch for ROS interfaces[0m
[1.136s] [ 10%] [34m[1mGenerating C++ introspection for ROS interfaces[0m
[1.137s] [ 15%] [32mBuilding C object CMakeFiles/aruco_interfaces__rosidl_generator_c.dir/rosidl_generator_c/aruco_interfaces/srv/detail/aruco_detect__functions.c.o[0m
[1.137s] [ 15%] [32mBuilding C object CMakeFiles/aruco_interfaces__rosidl_generator_c.dir/rosidl_generator_c/aruco_interfaces/msg/detail/aruco_image__functions.c.o[0m
[1.139s] [ 17%] [34m[1mGenerating C++ type support for eProsima Fast-RTPS[0m
[1.153s] In file included from [01m[K/home/notthecoolkid/mrtx/mrt_ws/build/aruco_interfaces/rosidl_generator_c/aruco_interfaces/srv/detail/aruco_detect__functions.h:19[m[K,
[1.153s]                  from [01m[K/home/notthecoolkid/mrtx/mrt_ws/build/aruco_interfaces/rosidl_generator_c/aruco_interfaces/srv/detail/aruco_detect__functions.c:4[m[K:
[1.153s] [01m[K/home/notthecoolkid/mrtx/mrt_ws/build/aruco_interfaces/rosidl_generator_c/aruco_interfaces/srv/detail/aruco_detect__struct.h:22:10:[m[K [01;31m[Kfatal error: [m[Ksensor_msgs/msg/detail/image__struct.h: No such file or directory
[1.153s]    22 | #include [01;31m[K"sensor_msgs/msg/detail/image__struct.h"[m[K
[1.153s]       |          [01;31m[K^~~~~~~~~~~~~~~~~~~~~~~~~~~~~~~~~~~~~~~~[m[K
[1.153s] compilation terminated.
[1.154s] gmake[2]: *** [CMakeFiles/aruco_interfaces__rosidl_generator_c.dir/build.make:121: CMakeFiles/aruco_interfaces__rosidl_generator_c.dir/rosidl_generator_c/aruco_interfaces/srv/detail/aruco_detect__functions.c.o] Error 1
[1.154s] gmake[2]: *** Waiting for unfinished jobs....
[1.174s] gmake[1]: *** [CMakeFiles/Makefile2:213: CMakeFiles/aruco_interfaces__rosidl_generator_c.dir/all] Error 2
[1.175s] gmake[1]: *** Waiting for unfinished jobs....
[1.333s] [ 20%] [32mBuilding CXX object CMakeFiles/aruco_interfaces__rosidl_typesupport_cpp.dir/rosidl_typesupport_cpp/aruco_interfaces/srv/aruco_detect__type_support.cpp.o[0m
[1.335s] [ 23%] [32mBuilding CXX object CMakeFiles/aruco_interfaces__rosidl_typesupport_cpp.dir/rosidl_typesupport_cpp/aruco_interfaces/msg/aruco_image__type_support.cpp.o[0m
[1.350s] [ 28%] [32mBuilding CXX object CMakeFiles/aruco_interfaces__rosidl_typesupport_introspection_cpp.dir/rosidl_typesupport_introspection_cpp/aruco_interfaces/srv/detail/aruco_detect__type_support.cpp.o[0m
[1.350s] [ 28%] [32mBuilding CXX object CMakeFiles/aruco_interfaces__rosidl_typesupport_introspection_cpp.dir/rosidl_typesupport_introspection_cpp/aruco_interfaces/msg/detail/aruco_image__type_support.cpp.o[0m
[1.361s] [ 30%] [32mBuilding CXX object CMakeFiles/aruco_interfaces__rosidl_typesupport_fastrtps_cpp.dir/rosidl_typesupport_fastrtps_cpp/aruco_interfaces/srv/detail/dds_fastrtps/aruco_detect__type_support.cpp.o[0m
[1.362s] [ 33%] [32mBuilding CXX object CMakeFiles/aruco_interfaces__rosidl_typesupport_fastrtps_cpp.dir/rosidl_typesupport_fastrtps_cpp/aruco_interfaces/msg/detail/dds_fastrtps/aruco_image__type_support.cpp.o[0m
[1.367s] In file included from [01m[K/home/notthecoolkid/mrtx/mrt_ws/build/aruco_interfaces/rosidl_typesupport_cpp/aruco_interfaces/srv/aruco_detect__type_support.cpp:7[m[K:
[1.367s] [01m[K/home/notthecoolkid/mrtx/mrt_ws/build/aruco_interfaces/rosidl_generator_cpp/aruco_interfaces/srv/detail/aruco_detect__struct.hpp:20:10:[m[K [01;31m[Kfatal error: [m[Ksensor_msgs/msg/detail/image__struct.hpp: No such file or directory
[1.368s]    20 | #include [01;31m[K"sensor_msgs/msg/detail/image__struct.hpp"[m[K
[1.368s]       |          [01;31m[K^~~~~~~~~~~~~~~~~~~~~~~~~~~~~~~~~~~~~~~~~~[m[K
[1.368s] compilation terminated.
[1.368s] gmake[2]: *** [CMakeFiles/aruco_interfaces__rosidl_typesupport_cpp.dir/build.make:90: CMakeFiles/aruco_interfaces__rosidl_typesupport_cpp.dir/rosidl_typesupport_cpp/aruco_interfaces/srv/aruco_detect__type_support.cpp.o] Error 1
[1.368s] gmake[2]: *** Waiting for unfinished jobs....
[1.388s] In file included from [01m[K/home/notthecoolkid/mrtx/mrt_ws/build/aruco_interfaces/rosidl_typesupport_introspection_cpp/aruco_interfaces/srv/detail/aruco_detect__type_support.cpp:12[m[K:
[1.388s] [01m[K/home/notthecoolkid/mrtx/mrt_ws/build/aruco_interfaces/rosidl_generator_cpp/aruco_interfaces/srv/detail/aruco_detect__struct.hpp:20:10:[m[K [01;31m[Kfatal error: [m[Ksensor_msgs/msg/detail/image__struct.hpp: No such file or directory
[1.388s]    20 | #include [01;31m[K"sensor_msgs/msg/detail/image__struct.hpp"[m[K
[1.388s]       |          [01;31m[K^~~~~~~~~~~~~~~~~~~~~~~~~~~~~~~~~~~~~~~~~~[m[K
[1.388s] compilation terminated.
[1.389s] gmake[2]: *** [CMakeFiles/aruco_interfaces__rosidl_typesupport_introspection_cpp.dir/build.make:98: CMakeFiles/aruco_interfaces__rosidl_typesupport_introspection_cpp.dir/rosidl_typesupport_introspection_cpp/aruco_interfaces/srv/detail/aruco_detect__type_support.cpp.o] Error 1
[1.389s] gmake[2]: *** Waiting for unfinished jobs....
[1.394s] In file included from [01m[K/home/notthecoolkid/mrtx/mrt_ws/build/aruco_interfaces/rosidl_typesupport_fastrtps_cpp/aruco_interfaces/srv/detail/aruco_detect__rosidl_typesupport_fastrtps_cpp.hpp:11[m[K,
[1.394s]                  from [01m[K/home/notthecoolkid/mrtx/mrt_ws/build/aruco_interfaces/rosidl_typesupport_fastrtps_cpp/aruco_interfaces/srv/detail/dds_fastrtps/aruco_detect__type_support.cpp:4[m[K:
[1.394s] [01m[K/home/notthecoolkid/mrtx/mrt_ws/build/aruco_interfaces/rosidl_generator_cpp/aruco_interfaces/srv/detail/aruco_detect__struct.hpp:20:10:[m[K [01;31m[Kfatal error: [m[Ksensor_msgs/msg/detail/image__struct.hpp: No such file or directory
[1.394s]    20 | #include [01;31m[K"sensor_msgs/msg/detail/image__struct.hpp"[m[K
[1.394s]       |          [01;31m[K^~~~~~~~~~~~~~~~~~~~~~~~~~~~~~~~~~~~~~~~~~[m[K
[1.394s] compilation terminated.
[1.394s] gmake[2]: *** [CMakeFiles/aruco_interfaces__rosidl_typesupport_fastrtps_cpp.dir/build.make:98: CMakeFiles/aruco_interfaces__rosidl_typesupport_fastrtps_cpp.dir/rosidl_typesupport_fastrtps_cpp/aruco_interfaces/srv/detail/dds_fastrtps/aruco_detect__type_support.cpp.o] Error 1
[1.395s] gmake[2]: *** Waiting for unfinished jobs....
[1.483s] gmake[1]: *** [CMakeFiles/Makefile2:395: CMakeFiles/aruco_interfaces__rosidl_typesupport_cpp.dir/all] Error 2
[1.608s] gmake[1]: *** [CMakeFiles/Makefile2:369: CMakeFiles/aruco_interfaces__rosidl_typesupport_introspection_cpp.dir/all] Error 2
[1.642s] gmake[1]: *** [CMakeFiles/Makefile2:291: CMakeFiles/aruco_interfaces__rosidl_typesupport_fastrtps_cpp.dir/all] Error 2
[1.643s] gmake: *** [Makefile:146: all] Error 2
[1.645s] Invoked command in '/home/notthecoolkid/mrtx/mrt_ws/build/aruco_interfaces' returned '2': CMAKE_PREFIX_PATH=/home/notthecoolkid/mrt_ws/install/week0_tutorials:/home/notthecoolkid/mrt_ws/install/sauron:/opt/ros/humble /usr/bin/cmake --build /home/notthecoolkid/mrtx/mrt_ws/build/aruco_interfaces -- -j20 -l20
