[0.007s] Invoking command in '/home/notthecoolkid/mrtx/mrt_ws/build/aruco_interfaces': CMAKE_PREFIX_PATH=/home/notthecoolkid/mrt_ws/install/week0_tutorials:/home/notthecoolkid/mrt_ws/install/sauron:/opt/ros/humble /usr/bin/cmake /home/notthecoolkid/mrtx/mrt_ws/src/aruco_interfaces -DCMAKE_INSTALL_PREFIX=/home/notthecoolkid/mrtx/mrt_ws/install/aruco_interfaces
[0.016s] -- Found ament_cmake: 1.3.10 (/opt/ros/humble/share/ament_cmake/cmake)
[0.129s] -- Found sensor_msgs: 4.2.4 (/opt/ros/humble/share/sensor_msgs/cmake)
[0.147s] -- Found rosidl_generator_c: 3.1.5 (/opt/ros/humble/share/rosidl_generator_c/cmake)
[0.148s] -- Found rosidl_adapter: 3.1.5 (/opt/ros/humble/share/rosidl_adapter/cmake)
[0.152s] -- Found rosidl_generator_cpp: 3.1.5 (/opt/ros/humble/share/rosidl_generator_cpp/cmake)
[0.158s] -- Using all available rosidl_typesupport_c: rosidl_typesupport_fastrtps_c;rosidl_typesupport_introspection_c
[0.165s] -- Using all available rosidl_typesupport_cpp: rosidl_typesupport_fastrtps_cpp;rosidl_typesupport_introspection_cpp
[0.199s] -- Found rosidl_default_generators: 1.2.0 (/opt/ros/humble/share/rosidl_default_generators/cmake)
[0.385s] -- Found ament_cmake_ros: 0.10.0 (/opt/ros/humble/share/ament_cmake_ros/cmake)
[0.680s] -- Using all available rosidl_typesupport_c: rosidl_typesupport_fastrtps_c;rosidl_typesupport_introspection_c
[0.792s] -- Using all available rosidl_typesupport_cpp: rosidl_typesupport_fastrtps_cpp;rosidl_typesupport_introspection_cpp
[0.818s] -- Found PythonInterp: /usr/bin/python3 (found suitable version "3.10.12", minimum required is "3.6") 
[0.819s] -- Found python_cmake_module: 0.10.0 (/opt/ros/humble/share/python_cmake_module/cmake)
[0.839s] -- Found PythonLibs: /usr/lib/x86_64-linux-gnu/libpython3.10.so (found suitable version "3.10.12", minimum required is "3.5") 
[0.839s] -- Using PYTHON_EXECUTABLE: /usr/bin/python3
[0.839s] -- Using PYTHON_INCLUDE_DIRS: /usr/include/python3.10
[0.839s] -- Using PYTHON_LIBRARIES: /usr/lib/x86_64-linux-gnu/libpython3.10.so
[0.855s] -- Found PythonExtra: .so  
[0.862s] -- Found ament_lint_auto: 0.12.11 (/opt/ros/humble/share/ament_lint_auto/cmake)
[0.872s] -- Added test 'lint_cmake' to check CMake code style
[0.872s] -- Added test 'xmllint' to check XML markup files
[0.873s] -- Configuring done
[0.888s] -- Generating done
[0.889s] -- Build files have been written to: /home/notthecoolkid/mrtx/mrt_ws/build/aruco_interfaces
[0.894s] Invoked command in '/home/notthecoolkid/mrtx/mrt_ws/build/aruco_interfaces' returned '0': CMAKE_PREFIX_PATH=/home/notthecoolkid/mrt_ws/install/week0_tutorials:/home/notthecoolkid/mrt_ws/install/sauron:/opt/ros/humble /usr/bin/cmake /home/notthecoolkid/mrtx/mrt_ws/src/aruco_interfaces -DCMAKE_INSTALL_PREFIX=/home/notthecoolkid/mrtx/mrt_ws/install/aruco_interfaces
[0.896s] Invoking command in '/home/notthecoolkid/mrtx/mrt_ws/build/aruco_interfaces': CMAKE_PREFIX_PATH=/home/notthecoolkid/mrt_ws/install/week0_tutorials:/home/notthecoolkid/mrt_ws/install/sauron:/opt/ros/humble /usr/bin/cmake --build /home/notthecoolkid/mrtx/mrt_ws/build/aruco_interfaces -- -j20 -l20
[0.943s] [  3%] [34m[1mGenerating C code for ROS interfaces[0m
[0.950s] [  6%] [34m[1mGenerating C++ code for ROS interfaces[0m
[0.961s] [  6%] Built target ament_cmake_python_copy_aruco_interfaces
[1.110s] running egg_info
[1.110s] creating aruco_interfaces.egg-info
[1.111s] writing aruco_interfaces.egg-info/PKG-INFO
[1.111s] writing dependency_links to aruco_interfaces.egg-info/dependency_links.txt
[1.111s] writing top-level names to aruco_interfaces.egg-info/top_level.txt
[1.111s] writing manifest file 'aruco_interfaces.egg-info/SOURCES.txt'
[1.112s] reading manifest file 'aruco_interfaces.egg-info/SOURCES.txt'
[1.112s] writing manifest file 'aruco_interfaces.egg-info/SOURCES.txt'
[1.135s] [  6%] Built target ament_cmake_python_build_aruco_interfaces_egg
[1.146s] [  6%] Built target aruco_interfaces__cpp
[1.154s] [  9%] [34m[1mGenerating C++ type support dispatch for ROS interfaces[0m
[1.155s] [ 12%] [34m[1mGenerating C++ introspection for ROS interfaces[0m
[1.156s] [ 16%] [34m[1mGenerating C++ type support for eProsima Fast-RTPS[0m
[1.156s] [ 19%] [32mBuilding C object CMakeFiles/aruco_interfaces__rosidl_generator_c.dir/rosidl_generator_c/aruco_interfaces/srv/detail/aruco_detect__functions.c.o[0m
[1.169s] In file included from [01m[K/home/notthecoolkid/mrtx/mrt_ws/build/aruco_interfaces/rosidl_generator_c/aruco_interfaces/srv/detail/aruco_detect__functions.h:19[m[K,
[1.169s]                  from [01m[K/home/notthecoolkid/mrtx/mrt_ws/build/aruco_interfaces/rosidl_generator_c/aruco_interfaces/srv/detail/aruco_detect__functions.c:4[m[K:
[1.169s] [01m[K/home/notthecoolkid/mrtx/mrt_ws/build/aruco_interfaces/rosidl_generator_c/aruco_interfaces/srv/detail/aruco_detect__struct.h:22:10:[m[K [01;31m[Kfatal error: [m[Ksensor_msgs/msg/detail/image__struct.h: No such file or directory
[1.169s]    22 | #include [01;31m[K"sensor_msgs/msg/detail/image__struct.h"[m[K
[1.170s]       |          [01;31m[K^~~~~~~~~~~~~~~~~~~~~~~~~~~~~~~~~~~~~~~~[m[K
[1.170s] compilation terminated.
[1.170s] gmake[2]: *** [CMakeFiles/aruco_interfaces__rosidl_generator_c.dir/build.make:105: CMakeFiles/aruco_interfaces__rosidl_generator_c.dir/rosidl_generator_c/aruco_interfaces/srv/detail/aruco_detect__functions.c.o] Error 1
[1.170s] gmake[1]: *** [CMakeFiles/Makefile2:213: CMakeFiles/aruco_interfaces__rosidl_generator_c.dir/all] Error 2
[1.170s] gmake[1]: *** Waiting for unfinished jobs....
[1.326s] [ 22%] [32mBuilding CXX object CMakeFiles/aruco_interfaces__rosidl_typesupport_cpp.dir/rosidl_typesupport_cpp/aruco_interfaces/srv/aruco_detect__type_support.cpp.o[0m
[1.341s] [ 25%] [32mBuilding CXX object CMakeFiles/aruco_interfaces__rosidl_typesupport_introspection_cpp.dir/rosidl_typesupport_introspection_cpp/aruco_interfaces/srv/detail/aruco_detect__type_support.cpp.o[0m
[1.351s] [ 29%] [32mBuilding CXX object CMakeFiles/aruco_interfaces__rosidl_typesupport_fastrtps_cpp.dir/rosidl_typesupport_fastrtps_cpp/aruco_interfaces/srv/detail/dds_fastrtps/aruco_detect__type_support.cpp.o[0m
[1.357s] In file included from [01m[K/home/notthecoolkid/mrtx/mrt_ws/build/aruco_interfaces/rosidl_typesupport_cpp/aruco_interfaces/srv/aruco_detect__type_support.cpp:7[m[K:
[1.357s] [01m[K/home/notthecoolkid/mrtx/mrt_ws/build/aruco_interfaces/rosidl_generator_cpp/aruco_interfaces/srv/detail/aruco_detect__struct.hpp:20:10:[m[K [01;31m[Kfatal error: [m[Ksensor_msgs/msg/detail/image__struct.hpp: No such file or directory
[1.357s]    20 | #include [01;31m[K"sensor_msgs/msg/detail/image__struct.hpp"[m[K
[1.357s]       |          [01;31m[K^~~~~~~~~~~~~~~~~~~~~~~~~~~~~~~~~~~~~~~~~~[m[K
[1.357s] compilation terminated.
[1.367s] gmake[2]: *** [CMakeFiles/aruco_interfaces__rosidl_typesupport_cpp.dir/build.make:86: CMakeFiles/aruco_interfaces__rosidl_typesupport_cpp.dir/rosidl_typesupport_cpp/aruco_interfaces/srv/aruco_detect__type_support.cpp.o] Error 1
[1.367s] gmake[1]: *** [CMakeFiles/Makefile2:395: CMakeFiles/aruco_interfaces__rosidl_typesupport_cpp.dir/all] Error 2
[1.378s] In file included from [01m[K/home/notthecoolkid/mrtx/mrt_ws/build/aruco_interfaces/rosidl_typesupport_introspection_cpp/aruco_interfaces/srv/detail/aruco_detect__type_support.cpp:12[m[K:
[1.379s] [01m[K/home/notthecoolkid/mrtx/mrt_ws/build/aruco_interfaces/rosidl_generator_cpp/aruco_interfaces/srv/detail/aruco_detect__struct.hpp:20:10:[m[K [01;31m[Kfatal error: [m[Ksensor_msgs/msg/detail/image__struct.hpp: No such file or directory
[1.379s]    20 | #include [01;31m[K"sensor_msgs/msg/detail/image__struct.hpp"[m[K
[1.379s]       |          [01;31m[K^~~~~~~~~~~~~~~~~~~~~~~~~~~~~~~~~~~~~~~~~~[m[K
[1.379s] compilation terminated.
[1.379s] gmake[2]: *** [CMakeFiles/aruco_interfaces__rosidl_typesupport_introspection_cpp.dir/build.make:91: CMakeFiles/aruco_interfaces__rosidl_typesupport_introspection_cpp.dir/rosidl_typesupport_introspection_cpp/aruco_interfaces/srv/detail/aruco_detect__type_support.cpp.o] Error 1
[1.379s] gmake[1]: *** [CMakeFiles/Makefile2:369: CMakeFiles/aruco_interfaces__rosidl_typesupport_introspection_cpp.dir/all] Error 2
[1.385s] In file included from [01m[K/home/notthecoolkid/mrtx/mrt_ws/build/aruco_interfaces/rosidl_typesupport_fastrtps_cpp/aruco_interfaces/srv/detail/aruco_detect__rosidl_typesupport_fastrtps_cpp.hpp:11[m[K,
[1.385s]                  from [01m[K/home/notthecoolkid/mrtx/mrt_ws/build/aruco_interfaces/rosidl_typesupport_fastrtps_cpp/aruco_interfaces/srv/detail/dds_fastrtps/aruco_detect__type_support.cpp:4[m[K:
[1.385s] [01m[K/home/notthecoolkid/mrtx/mrt_ws/build/aruco_interfaces/rosidl_generator_cpp/aruco_interfaces/srv/detail/aruco_detect__struct.hpp:20:10:[m[K [01;31m[Kfatal error: [m[Ksensor_msgs/msg/detail/image__struct.hpp: No such file or directory
[1.385s]    20 | #include [01;31m[K"sensor_msgs/msg/detail/image__struct.hpp"[m[K
[1.385s]       |          [01;31m[K^~~~~~~~~~~~~~~~~~~~~~~~~~~~~~~~~~~~~~~~~~[m[K
[1.385s] compilation terminated.
[1.386s] gmake[2]: *** [CMakeFiles/aruco_interfaces__rosidl_typesupport_fastrtps_cpp.dir/build.make:91: CMakeFiles/aruco_interfaces__rosidl_typesupport_fastrtps_cpp.dir/rosidl_typesupport_fastrtps_cpp/aruco_interfaces/srv/detail/dds_fastrtps/aruco_detect__type_support.cpp.o] Error 1
[1.386s] gmake[1]: *** [CMakeFiles/Makefile2:291: CMakeFiles/aruco_interfaces__rosidl_typesupport_fastrtps_cpp.dir/all] Error 2
[1.386s] gmake: *** [Makefile:146: all] Error 2
[1.389s] Invoked command in '/home/notthecoolkid/mrtx/mrt_ws/build/aruco_interfaces' returned '2': CMAKE_PREFIX_PATH=/home/notthecoolkid/mrt_ws/install/week0_tutorials:/home/notthecoolkid/mrt_ws/install/sauron:/opt/ros/humble /usr/bin/cmake --build /home/notthecoolkid/mrtx/mrt_ws/build/aruco_interfaces -- -j20 -l20
