[0.008s] Invoking command in '/home/notthecoolkid/mrtx/mrt_ws/build/aruco_interfaces': /usr/bin/cmake --build /home/notthecoolkid/mrtx/mrt_ws/build/aruco_interfaces -- -j20 -l20
[0.031s] -- Found ament_cmake: 1.3.10 (/opt/ros/humble/share/ament_cmake/cmake)
[0.132s] -- Found sensor_msgs: 4.2.4 (/opt/ros/humble/share/sensor_msgs/cmake)
[0.147s] -- Found rosidl_generator_c: 3.1.5 (/opt/ros/humble/share/rosidl_generator_c/cmake)
[0.148s] -- Found rosidl_adapter: 3.1.5 (/opt/ros/humble/share/rosidl_adapter/cmake)
[0.152s] -- Found rosidl_generator_cpp: 3.1.5 (/opt/ros/humble/share/rosidl_generator_cpp/cmake)
[0.158s] -- Using all available rosidl_typesupport_c: rosidl_typesupport_fastrtps_c;rosidl_typesupport_introspection_c
[0.166s] -- Using all available rosidl_typesupport_cpp: rosidl_typesupport_fastrtps_cpp;rosidl_typesupport_introspection_cpp
[0.200s] -- Found rosidl_default_generators: 1.2.0 (/opt/ros/humble/share/rosidl_default_generators/cmake)
[0.336s] Error parsing '/home/notthecoolkid/mrtx/mrt_ws/src/aruco_interfaces/package.xml':
[0.366s] Traceback (most recent call last):
[0.366s]   File "/opt/ros/humble/share/ament_cmake_core/cmake/core/package_xml_2_cmake.py", line 150, in <module>
[0.366s]     main()
[0.366s]   File "/opt/ros/humble/share/ament_cmake_core/cmake/core/package_xml_2_cmake.py", line 53, in main
[0.366s]     raise e
[0.366s]   File "/opt/ros/humble/share/ament_cmake_core/cmake/core/package_xml_2_cmake.py", line 49, in main
[0.366s]     package = parse_package_string(
[0.366s]   File "/usr/lib/python3/dist-packages/catkin_pkg/package.py", line 786, in parse_package_string
[0.366s]     raise InvalidPackage('Error(s):%s' % (''.join(['\n- %s' % e for e in errors])), filename)
[0.366s] catkin_pkg.package.InvalidPackage: Error(s) in package '/home/notthecoolkid/mrtx/mrt_ws/src/aruco_interfaces/package.xml':
[0.366s] Error(s):
[0.366s] - The manifest of package "aruco_interfaces" (with format version 2) must not contain the following tags: member_of_group
[0.376s] [31mCMake Error at /opt/ros/humble/share/ament_cmake_core/cmake/core/ament_package_xml.cmake:95 (message):
[0.376s]   execute_process(/usr/bin/python3
[0.376s]   /opt/ros/humble/share/ament_cmake_core/cmake/core/package_xml_2_cmake.py
[0.376s]   /home/notthecoolkid/mrtx/mrt_ws/src/aruco_interfaces/package.xml
[0.377s]   /home/notthecoolkid/mrtx/mrt_ws/build/aruco_interfaces/ament_cmake_core/package.cmake)
[0.377s]   returned error code 1
[0.377s] Call Stack (most recent call first):
[0.377s]   /opt/ros/humble/share/ament_cmake_core/cmake/core/ament_package_xml.cmake:49 (_ament_package_xml)
[0.377s]   /opt/ros/humble/share/rosidl_cmake/cmake/rosidl_generate_interfaces.cmake:226 (ament_package_xml)
[0.377s]   CMakeLists.txt:15 (rosidl_generate_interfaces)
[0.377s] 
[0.377s] [0m
[0.377s] -- Configuring incomplete, errors occurred!
[0.377s] See also "/home/notthecoolkid/mrtx/mrt_ws/build/aruco_interfaces/CMakeFiles/CMakeOutput.log".
[0.380s] gmake: *** [Makefile:747: cmake_check_build_system] Error 1
[0.382s] Invoked command in '/home/notthecoolkid/mrtx/mrt_ws/build/aruco_interfaces' returned '2': /usr/bin/cmake --build /home/notthecoolkid/mrtx/mrt_ws/build/aruco_interfaces -- -j20 -l20
